════════════════════════════════════════════════════════════
  Consistent Hashing — Virtual Node Ring
  Keys: 100000    VNodes per server: 100
════════════════════════════════════════════════════════════

  Generated 100000 keys (seed=42, deterministic)

────────────────────────────────────────────────────────────
  PHASE 1 — Baseline: 3 servers (A, B, C)
────────────────────────────────────────────────────────────
  [+] Added Server_A    (ring positions: 100)
  [+] Added Server_B    (ring positions: 200)
  [+] Added Server_C    (ring positions: 300)
  Total ring positions: 300  (3 servers × 100 vnodes)


  Phase 1 — Key Distribution (3 servers)
  ────────────────────────────────────────────────
  Server            Keys   Percent  Bar
  ────────────────────────────────────────────────
  Server_A         32060    32.06%  ████████████████
  Server_B         36052    36.05%  ██████████████████
  Server_C         31888    31.89%  ███████████████
  ────────────────────────────────────────────────
  TOTAL           100000  100.00%

  Distribution quality:
    Expected per server : 33333 keys
    Std deviation       : 1923.67 keys  (5.77% of mean)

────────────────────────────────────────────────────────────
  PHASE 2 — Scale-out: add Server_D (now 4 servers)
────────────────────────────────────────────────────────────
  [+] Added Server_A    (ring positions: 100)
  [+] Added Server_B    (ring positions: 200)
  [+] Added Server_C    (ring positions: 300)
  [+] Added Server_D    (ring positions: 400)
  Total ring positions: 400  (4 servers × 100 vnodes)


  Phase 2 — Key Distribution (4 servers)
  ────────────────────────────────────────────────
  Server            Keys   Percent  Bar
  ────────────────────────────────────────────────
  Server_A         25264    25.26%  ████████████
  Server_B         24958    24.96%  ████████████
  Server_C         26337    26.34%  █████████████
  Server_D         23441    23.44%  ███████████
  ────────────────────────────────────────────────
  TOTAL           100000  100.00%

────────────────────────────────────────────────────────────
  MIGRATION ANALYSIS
────────────────────────────────────────────────────────────

  Key movements (from → to):
    Server_A   → Server_D    6796 keys
    Server_B   → Server_D    11094 keys
    Server_C   → Server_D    5551 keys

  ✅  Property verified: 0 keys moved between existing servers.
      All migration was exclusively to Server_D.

────────────────────────────────────────────────────────────
  MATHEMATICAL PROOF
────────────────────────────────────────────────────────────

  Theoretical expectation  : 1/(N+1) = 1/4 = 25.00%
    Derivation: the new server claims ~1/(N+1) of the ring arc.
    Keys uniformly distributed → ~1/(N+1) of keys should migrate.

  Observed results:
    Total keys             : 100000
    Keys migrated          : 23441  (23.44%)
    Keys stayed            : 76559  (76.56%)
    Delta from theoretical : 1.56%

  ✅  Migration 23.44% is within 3% of the 25.00% theoretical threshold.

────────────────────────────────────────────────────────────
  COMPARISON: Naive Modulo Hashing vs Consistent Hashing
────────────────────────────────────────────────────────────

  Naive modulo (hash(k) % N):
    Keys remapped when N 3→4 : 75211  (75.21%)

  Consistent hashing:
    Keys remapped when N 3→4 : 23441  (23.44%)

  Reduction in cache invalidation : 3.2x fewer moves

  Total elapsed: 178.191508ms
════════════════════════════════════════════════════════════
